<?xml version="1.0" encoding="UTF-8"?>
<!-- Generated by org.testng.reporters.JUnitReportReporter -->
<testsuite skipped="0" hostname="B8201683" name="test.basketTests.AddSamsungTest" tests="1" failures="0" timestamp="28 Geg 2020 22:39:55 GMT" time="17.320" errors="0">
  <testcase name="addSamsungMobilePhone" time="17.320" classname="test.basketTests.AddSamsungTest"/>
</testsuite> <!-- test.basketTests.AddSamsungTest -->
