<?xml version="1.0" encoding="UTF-8"?>
<!-- Generated by org.testng.reporters.JUnitReportReporter -->
<testsuite skipped="0" hostname="B8201683" name="test.shoppingCartTests.AddSamsungPhoneTest" tests="1" failures="0" timestamp="29 Geg 2020 00:40:54 GMT" time="17.432" errors="0">
  <testcase name="addSamsungMobilePhone" time="17.432" classname="test.shoppingCartTests.AddSamsungPhoneTest"/>
</testsuite> <!-- test.shoppingCartTests.AddSamsungPhoneTest -->
