<?xml version="1.0" encoding="UTF-8"?>
<!-- Generated by org.testng.reporters.JUnitReportReporter -->
<testsuite skipped="0" hostname="B8201683" name="test.basketTests.AddSamsungPhoneTest" tests="1" failures="0" timestamp="28 Geg 2020 23:27:35 GMT" time="18.316" errors="0">
  <testcase name="addSamsungMobilePhone" time="18.316" classname="test.basketTests.AddSamsungPhoneTest"/>
</testsuite> <!-- test.basketTests.AddSamsungPhoneTest -->
